D:\DROPBOX\ARMBOOK\LAUNCHPAD\BMP16BITCONVERT\DEBUG\BMPCONVERT.PCH
D:\DROPBOX\ARMBOOK\LAUNCHPAD\BMP16BITCONVERT\DEBUG\STDAFX.OBJ
D:\DROPBOX\ARMBOOK\LAUNCHPAD\BMP16BITCONVERT\DEBUG\VC110.PDB
D:\DROPBOX\ARMBOOK\LAUNCHPAD\BMP16BITCONVERT\DEBUG\BMPCONVERT.OBJ
D:\DROPBOX\ARMBOOK\LAUNCHPAD\BMP16BITCONVERT\DEBUG\BMPCONVERT16.ILK
D:\DROPBOX\ARMBOOK\LAUNCHPAD\BMP16BITCONVERT\DEBUG\BMPCONVERT16.EXE
D:\DROPBOX\ARMBOOK\LAUNCHPAD\BMP16BITCONVERT\DEBUG\BMPCONVERT.PDB
D:\Box\Bmp16bitConvert\Debug\BmpConvert.obj
D:\Box\Bmp16bitConvert\Debug\StdAfx.obj
D:\Box\Bmp16bitConvert\Debug\BmpConvert16.ilk
D:\Box\Bmp16bitConvert\Debug\cl.command.1.tlog
D:\Box\Bmp16bitConvert\Debug\CL.read.1.tlog
D:\Box\Bmp16bitConvert\Debug\CL.write.1.tlog
D:\Box\Bmp16bitConvert\Debug\link-cvtres.read.1.tlog
D:\Box\Bmp16bitConvert\Debug\link-cvtres.write.1.tlog
D:\Box\Bmp16bitConvert\Debug\link-rc.read.1.tlog
D:\Box\Bmp16bitConvert\Debug\link-rc.write.1.tlog
D:\Box\Bmp16bitConvert\Debug\link.command.1.tlog
D:\Box\Bmp16bitConvert\Debug\link.read.1.tlog
D:\Box\Bmp16bitConvert\Debug\link.write.1.tlog
D:\Box\Bmp16bitConvert\Debug\BmpConvert.pch
D:\Box\Bmp16bitConvert\Debug\vc110.idb
D:\Box\Bmp16bitConvert\Debug\BmpConvert.pdb
D:\Box\Bmp16bitConvert\Debug\vc110.pdb
